<?xml version="1.0" encoding="UTF-8"?>
<!-- Generated by org.testng.reporters.JUnitReportReporter -->
<testsuite skipped="1" hostname="linux-15nq" name="squad.profile.elements" tests="3" failures="0" timestamp="04 янв 2018 16:51:58 GMT" time="0.825" errors="0">
  <testcase name="profile_contacts" time="0.061" classname="squad.profile.elements">
    <skipped/>
  </testcase> <!-- profile_contacts -->
  <testcase name="profile" time="0.009" classname="squad.profile.elements"/>
  <testcase name="profile_photo" time="0.755" classname="squad.profile.elements"/>
</testsuite> <!-- squad.profile.elements -->
