<?xml version="1.0" encoding="UTF-8"?>
<!-- Generated by org.testng.reporters.JUnitReportReporter -->
<testsuite skipped="0" name="squad.compose.main_menu" tests="8" failures="0" timestamp="18 янв 2018 13:10:09 GMT" time="1.295" errors="0">
  <testcase name="container_avaterName_name_fontfamily" time="0.133" classname="squad.compose.main_menu"/>
  <testcase name="container_avaterName_name_fontweight" time="0.132" classname="squad.compose.main_menu"/>
  <testcase name="title" time="0.044" classname="squad.compose.main_menu"/>
  <testcase name="container_logoNmenu_W" time="0.005" classname="squad.compose.main_menu"/>
  <testcase name="container_W" time="0.239" classname="squad.compose.main_menu"/>
  <testcase name="header_H" time="0.125" classname="squad.compose.main_menu"/>
  <testcase name="header_W" time="0.166" classname="squad.compose.main_menu"/>
  <testcase name="container_avaterName_name_fontsize" time="0.451" classname="squad.compose.main_menu"/>
</testsuite> <!-- squad.compose.main_menu -->
