<?xml version="1.0" encoding="UTF-8"?>
<!-- Generated by org.testng.reporters.JUnitReportReporter -->
<testsuite skipped="11" name="squad.compose.profile" tests="12" failures="0" timestamp="12 фев 2018 12:14:32 GMT" time="0.818" errors="1">
  <testcase name="setup" time="0.818" classname="squad.compose.profile">
    <error type="java.lang.RuntimeException" message="Could not resolve localhost">
      <![CDATA[java.lang.RuntimeException: Could not resolve localhostat net.lightbody.bmp.client.ClientUtil.getConnectableAddress(ClientUtil.java:117)at net.lightbody.bmp.client.ClientUtil.createSeleniumProxy(ClientUtil.java:72)at squad.virtPROXY.initProxy(virtPROXY.java:44)at squad.webdriver.Chrome(webdriver.java:47)at squad.compose.profile.setup(profile.java:31)at sun.reflect.NativeMethodAccessorImpl.invoke0(Native Method)at sun.reflect.NativeMethodAccessorImpl.invoke(NativeMethodAccessorImpl.java:62)at sun.reflect.DelegatingMethodAccessorImpl.invoke(DelegatingMethodAccessorImpl.java:43)at java.lang.reflect.Method.invoke(Method.java:498)at org.testng.internal.MethodInvocationHelper.invokeMethod(MethodInvocationHelper.java:124)at org.testng.internal.MethodInvocationHelper.invokeMethodConsideringTimeout(MethodInvocationHelper.java:59)at org.testng.internal.Invoker.invokeConfigurationMethod(Invoker.java:451)at org.testng.internal.Invoker.invokeConfigurations(Invoker.java:222)at org.testng.internal.Invoker.invokeConfigurations(Invoker.java:142)at org.testng.internal.TestMethodWorker.invokeBeforeClassMethods(TestMethodWorker.java:163)at org.testng.internal.TestMethodWorker.run(TestMethodWorker.java:105)at org.testng.TestRunner.privateRun(TestRunner.java:648)at org.testng.TestRunner.run(TestRunner.java:505)at org.testng.SuiteRunner.runTest(SuiteRunner.java:455)at org.testng.SuiteRunner.runSequentially(SuiteRunner.java:450)at org.testng.SuiteRunner.privateRun(SuiteRunner.java:415)at org.testng.SuiteRunner.run(SuiteRunner.java:364)at org.testng.SuiteRunnerWorker.runSuite(SuiteRunnerWorker.java:52)at org.testng.SuiteRunnerWorker.run(SuiteRunnerWorker.java:84)at org.testng.TestNG.runSuitesSequentially(TestNG.java:1187)at org.testng.TestNG.runSuitesLocally(TestNG.java:1116)at org.testng.TestNG.runSuites(TestNG.java:1028)at org.testng.TestNG.run(TestNG.java:996)at org.testng.remote.AbstractRemoteTestNG.run(AbstractRemoteTestNG.java:114)at org.testng.remote.RemoteTestNG.initAndRun(RemoteTestNG.java:251)at org.testng.remote.RemoteTestNG.main(RemoteTestNG.java:77)Caused by: java.net.UnknownHostException: hell: hell: Имя или служба не известныat java.net.InetAddress.getLocalHost(InetAddress.java:1505)at net.lightbody.bmp.client.ClientUtil.getConnectableAddress(ClientUtil.java:115)... 30 moreCaused by: java.net.UnknownHostException: hell: Имя или служба не известныat java.net.Inet6AddressImpl.lookupAllHostAddr(Native Method)at java.net.InetAddress$2.lookupAllHostAddr(InetAddress.java:928)at java.net.InetAddress.getAddressesFromNameService(InetAddress.java:1323)at java.net.InetAddress.getLocalHost(InetAddress.java:1500)... 31 more]]>
    </error>
  </testcase> <!-- setup -->
  <testcase name="profile_photo_H" time="0.000" classname="squad.compose.profile">
    <skipped/>
  </testcase> <!-- profile_photo_H -->
  <testcase name="name_fontweight" time="0.000" classname="squad.compose.profile">
    <skipped/>
  </testcase> <!-- name_fontweight -->
  <testcase name="profile_contacts_cellphone_W" time="0.000" classname="squad.compose.profile">
    <skipped/>
  </testcase> <!-- profile_contacts_cellphone_W -->
  <testcase name="profile_photo_src" time="0.000" classname="squad.compose.profile">
    <skipped/>
  </testcase> <!-- profile_photo_src -->
  <testcase name="name_fontsize" time="0.000" classname="squad.compose.profile">
    <skipped/>
  </testcase> <!-- name_fontsize -->
  <testcase name="profile_card_H" time="0.000" classname="squad.compose.profile">
    <skipped/>
  </testcase> <!-- profile_card_H -->
  <testcase name="profile_photo_BR" time="0.000" classname="squad.compose.profile">
    <skipped/>
  </testcase> <!-- profile_photo_BR -->
  <testcase name="profile_photo_W" time="0.000" classname="squad.compose.profile">
    <skipped/>
  </testcase> <!-- profile_photo_W -->
  <testcase name="name_fontfamily" time="0.000" classname="squad.compose.profile">
    <skipped/>
  </testcase> <!-- name_fontfamily -->
  <testcase name="profile_contacts_cellphone_H" time="0.000" classname="squad.compose.profile">
    <skipped/>
  </testcase> <!-- profile_contacts_cellphone_H -->
  <testcase name="profile_card_W" time="0.000" classname="squad.compose.profile">
    <skipped/>
  </testcase> <!-- profile_card_W -->
</testsuite> <!-- squad.compose.profile -->
