<?xml version="1.0" encoding="UTF-8"?>
<!-- Generated by org.testng.reporters.JUnitReportReporter -->
<testsuite skipped="0" name="squad.compose.main_menu" tests="4" failures="0" timestamp="17 янв 2018 17:02:36 GMT" time="0.826" errors="0">
  <testcase name="container_W" time="0.187" classname="squad.compose.main_menu"/>
  <testcase name="title" time="0.259" classname="squad.compose.main_menu"/>
  <testcase name="header_W" time="0.168" classname="squad.compose.main_menu"/>
  <testcase name="header_H" time="0.212" classname="squad.compose.main_menu"/>
</testsuite> <!-- squad.compose.main_menu -->
