<?xml version="1.0" encoding="UTF-8"?>
<!-- Generated by org.testng.reporters.JUnitReportReporter -->
<testsuite skipped="0" hostname="linux-15nq" name="squad.profile.profile_fonts" tests="9" failures="0" timestamp="02 янв 2018 00:10:38 GMT" time="0.629" errors="0">
  <testcase name="photo_change_fontfamily" time="0.134" classname="squad.profile.profile_fonts"/>
  <testcase name="photo_change_fontweight" time="0.070" classname="squad.profile.profile_fonts"/>
  <testcase name="photo_del_fontweight" time="0.041" classname="squad.profile.profile_fonts"/>
  <testcase name="name_fontweight" time="0.039" classname="squad.profile.profile_fonts"/>
  <testcase name="photo_del_fontfamily" time="0.125" classname="squad.profile.profile_fonts"/>
  <testcase name="name_fontfamily" time="0.064" classname="squad.profile.profile_fonts"/>
  <testcase name="photo_del_fontsize" time="0.042" classname="squad.profile.profile_fonts"/>
  <testcase name="photo_change_fontsize" time="0.070" classname="squad.profile.profile_fonts"/>
  <testcase name="name_fontsize" time="0.044" classname="squad.profile.profile_fonts"/>
</testsuite> <!-- squad.profile.profile_fonts -->
