<?xml version="1.0" encoding="UTF-8"?>
<!-- Generated by org.testng.reporters.JUnitReportReporter -->
<testsuite skipped="4" name="squad.profile.elements" tests="7" failures="0" timestamp="09 янв 2018 13:14:51 GMT" time="0.325" errors="0">
  <testcase name="profile_card_W" time="0.048" classname="squad.profile.elements">
    <skipped/>
  </testcase> <!-- profile_card_W -->
  <testcase name="profile_photo_W" time="0.043" classname="squad.profile.elements"/>
  <testcase name="profile_photo_BR" time="0.046" classname="squad.profile.elements"/>
  <testcase name="profile_photo_H" time="0.044" classname="squad.profile.elements"/>
  <testcase name="profile_card_H" time="0.059" classname="squad.profile.elements">
    <skipped/>
  </testcase> <!-- profile_card_H -->
  <testcase name="profile_contacts_cellphone_H" time="0.049" classname="squad.profile.elements">
    <skipped/>
  </testcase> <!-- profile_contacts_cellphone_H -->
  <testcase name="profile_contacts_cellphone_W" time="0.036" classname="squad.profile.elements">
    <skipped/>
  </testcase> <!-- profile_contacts_cellphone_W -->
</testsuite> <!-- squad.profile.elements -->
