<?xml version="1.0" encoding="UTF-8"?>
<!-- Generated by org.testng.reporters.JUnitReportReporter -->
<testsuite skipped="0" hostname="linux-fn7l" name="squad.compose.main_menu" tests="8" failures="0" timestamp="21 янв 2018 22:19:45 GMT" time="0.252" errors="0">
  <testcase name="container_logoNmenu_W" time="0.001" classname="squad.compose.main_menu"/>
  <testcase name="header_W" time="0.047" classname="squad.compose.main_menu"/>
  <testcase name="container_avaterName_name_fontfamily" time="0.036" classname="squad.compose.main_menu"/>
  <testcase name="container_avaterName_name_fontsize" time="0.031" classname="squad.compose.main_menu"/>
  <testcase name="container_W" time="0.050" classname="squad.compose.main_menu"/>
  <testcase name="container_avaterName_name_fontweight" time="0.029" classname="squad.compose.main_menu"/>
  <testcase name="title" time="0.018" classname="squad.compose.main_menu"/>
  <testcase name="header_H" time="0.040" classname="squad.compose.main_menu"/>
</testsuite> <!-- squad.compose.main_menu -->
