<?xml version="1.0" encoding="UTF-8"?>
<!-- Generated by org.testng.reporters.JUnitReportReporter -->
<testsuite skipped="0" name="squad.FF" tests="1" failures="0" timestamp="27 дек 2017 08:46:15 GMT" time="61.357" errors="1">
  <testcase name="f" time="61.357" classname="squad.FF">
    <error type="org.openqa.selenium.WebDriverException" message="connection refused
Build info: version: &#039;3.7.0&#039;, revision: &#039;2321c73&#039;, time: &#039;2017-11-02T22:22:35.584Z&#039;
System info: host: &#039;linux-15nq&#039;, ip: &#039;Unknown&#039;, os.name: &#039;Linux&#039;, os.arch: &#039;amd64&#039;, os.version: &#039;4.4.103-36-vanilla&#039;, java.version: &#039;1.8.0_151&#039;
Driver info: driver.version: FirefoxDriver
remote stacktrace: stack backtrace:
   0:           0x4edb3c - backtrace::backtrace::trace::hc4bd56a2f176de7e
   1:           0x4edb72 - backtrace::capture::Backtrace::new::he3b2a15d39027c46
   2:           0x440ac8 - webdriver::error::WebDriverError::new::ha0fbd6d1a1131b43
   3:           0x447ba9 - geckodriver::marionette::MarionetteHandler::create_connection::hf0532ddb9e159684
   4:           0x428570 - &lt;webdriver::server::Dispatcher&lt;T, U&gt;&gt;::run::h2119c674d7b88193
   5:           0x4029b9 - std::sys_common::backtrace::__rust_begin_short_backtrace::h21d98a9ff86d4c25
   6:           0x40be65 - std::panicking::try::do_call::h5cff0c9b18cfdbba
   7:           0x5e6a6c - panic_unwind::__rust_maybe_catch_panic
                        at /checkout/src/libpanic_unwind/lib.rs:99
   8:           0x41eb22 - &lt;F as alloc::boxed::FnBox&lt;A&gt;&gt;::call_box::h413eb1d9d9f1c473
   9:           0x5df13b - alloc::boxed::{{impl}}::call_once&lt;(),()&gt;
                        at /checkout/src/liballoc/boxed.rs:692
                         - std::sys_common::thread::start_thread
                        at /checkout/src/libstd/sys_common/thread.rs:21
                         - std::sys::imp::thread::{{impl}}::new::thread_start
                        at /checkout/src/libstd/sys/unix/thread.rs:84">
      <![CDATA[org.openqa.selenium.WebDriverException: connection refused
Build info: version: '3.7.0', revision: '2321c73', time: '2017-11-02T22:22:35.584Z'
System info: host: 'linux-15nq', ip: 'Unknown', os.name: 'Linux', os.arch: 'amd64', os.version: '4.4.103-36-vanilla', java.version: '1.8.0_151'
Driver info: driver.version: FirefoxDriver
remote stacktrace: stack backtrace:
   0:           0x4edb3c - backtrace::backtrace::trace::hc4bd56a2f176de7e
   1:           0x4edb72 - backtrace::capture::Backtrace::new::he3b2a15d39027c46
   2:           0x440ac8 - webdriver::error::WebDriverError::new::ha0fbd6d1a1131b43
   3:           0x447ba9 - geckodriver::marionette::MarionetteHandler::create_connection::hf0532ddb9e159684
   4:           0x428570 - <webdriver::server::Dispatcher<T, U>>::run::h2119c674d7b88193
   5:           0x4029b9 - std::sys_common::backtrace::__rust_begin_short_backtrace::h21d98a9ff86d4c25
   6:           0x40be65 - std::panicking::try::do_call::h5cff0c9b18cfdbba
   7:           0x5e6a6c - panic_unwind::__rust_maybe_catch_panic
                        at /checkout/src/libpanic_unwind/lib.rs:99
   8:           0x41eb22 - <F as alloc::boxed::FnBox<A>>::call_box::h413eb1d9d9f1c473
   9:           0x5df13b - alloc::boxed::{{impl}}::call_once<(),()>
                        at /checkout/src/liballoc/boxed.rs:692
                         - std::sys_common::thread::start_thread
                        at /checkout/src/libstd/sys_common/thread.rs:21
                         - std::sys::imp::thread::{{impl}}::new::thread_start
                        at /checkout/src/libstd/sys/unix/thread.rs:84
	at sun.reflect.NativeConstructorAccessorImpl.newInstance0(Native Method)
	at sun.reflect.NativeConstructorAccessorImpl.newInstance(NativeConstructorAccessorImpl.java:62)
	at sun.reflect.DelegatingConstructorAccessorImpl.newInstance(DelegatingConstructorAccessorImpl.java:45)
	at java.lang.reflect.Constructor.newInstance(Constructor.java:423)
	at org.openqa.selenium.remote.W3CHandshakeResponse.lambda$new$0(W3CHandshakeResponse.java:57)
	at org.openqa.selenium.remote.W3CHandshakeResponse.lambda$getResponseFunction$2(W3CHandshakeResponse.java:104)
	at org.openqa.selenium.remote.ProtocolHandshake.lambda$createSession$0(ProtocolHandshake.java:123)
	at java.util.stream.ReferencePipeline$3$1.accept(ReferencePipeline.java:193)
	at java.util.Spliterators$ArraySpliterator.tryAdvance(Spliterators.java:958)
	at java.util.stream.ReferencePipeline.forEachWithCancel(ReferencePipeline.java:126)
	at java.util.stream.AbstractPipeline.copyIntoWithCancel(AbstractPipeline.java:498)
	at java.util.stream.AbstractPipeline.copyInto(AbstractPipeline.java:485)
	at java.util.stream.AbstractPipeline.wrapAndCopyInto(AbstractPipeline.java:471)
	at java.util.stream.FindOps$FindOp.evaluateSequential(FindOps.java:152)
	at java.util.stream.AbstractPipeline.evaluate(AbstractPipeline.java:234)
	at java.util.stream.ReferencePipeline.findFirst(ReferencePipeline.java:464)
	at org.openqa.selenium.remote.ProtocolHandshake.createSession(ProtocolHandshake.java:126)
	at org.openqa.selenium.remote.ProtocolHandshake.createSession(ProtocolHandshake.java:73)
	at org.openqa.selenium.remote.HttpCommandExecutor.execute(HttpCommandExecutor.java:142)
	at org.openqa.selenium.remote.service.DriverCommandExecutor.execute(DriverCommandExecutor.java:83)
	at org.openqa.selenium.remote.RemoteWebDriver.execute(RemoteWebDriver.java:600)
	at org.openqa.selenium.remote.RemoteWebDriver.startSession(RemoteWebDriver.java:219)
	at org.openqa.selenium.remote.RemoteWebDriver.<init>(RemoteWebDriver.java:142)
	at org.openqa.selenium.firefox.FirefoxDriver.<init>(FirefoxDriver.java:120)
	at org.openqa.selenium.firefox.FirefoxDriver.<init>(FirefoxDriver.java:98)
	at squad.FF.f(FF.java:15)
	at sun.reflect.NativeMethodAccessorImpl.invoke0(Native Method)
	at sun.reflect.NativeMethodAccessorImpl.invoke(NativeMethodAccessorImpl.java:62)
	at sun.reflect.DelegatingMethodAccessorImpl.invoke(DelegatingMethodAccessorImpl.java:43)
	at java.lang.reflect.Method.invoke(Method.java:498)
	at org.testng.internal.MethodInvocationHelper.invokeMethod(MethodInvocationHelper.java:108)
	at org.testng.internal.Invoker.invokeMethod(Invoker.java:669)
	at org.testng.internal.Invoker.invokeTestMethod(Invoker.java:877)
	at org.testng.internal.Invoker.invokeTestMethods(Invoker.java:1201)
	at org.testng.internal.TestMethodWorker.invokeTestMethods(TestMethodWorker.java:125)
	at org.testng.internal.TestMethodWorker.run(TestMethodWorker.java:109)
	at org.testng.TestRunner.privateRun(TestRunner.java:776)
	at org.testng.TestRunner.run(TestRunner.java:634)
	at org.testng.SuiteRunner.runTest(SuiteRunner.java:425)
	at org.testng.SuiteRunner.runSequentially(SuiteRunner.java:420)
	at org.testng.SuiteRunner.privateRun(SuiteRunner.java:385)
	at org.testng.SuiteRunner.run(SuiteRunner.java:334)
	at org.testng.SuiteRunnerWorker.runSuite(SuiteRunnerWorker.java:52)
	at org.testng.SuiteRunnerWorker.run(SuiteRunnerWorker.java:86)
	at org.testng.TestNG.runSuitesSequentially(TestNG.java:1318)
	at org.testng.TestNG.runSuitesLocally(TestNG.java:1243)
	at org.testng.TestNG.runSuites(TestNG.java:1161)
	at org.testng.TestNG.run(TestNG.java:1129)
	at org.testng.remote.AbstractRemoteTestNG.run(AbstractRemoteTestNG.java:114)
	at org.testng.remote.RemoteTestNG.initAndRun(RemoteTestNG.java:251)
	at org.testng.remote.RemoteTestNG.main(RemoteTestNG.java:77)
]]>
    </error>
  </testcase> <!-- f -->
</testsuite> <!-- squad.FF -->
