<?xml version="1.0" encoding="UTF-8"?>
<!-- Generated by org.testng.reporters.JUnitReportReporter -->
<testsuite skipped="0" name="squad.compose.lenta" tests="1" failures="0" timestamp="30 янв 2018 17:00:29 GMT" time="0.011" errors="0">
  <testcase name="f" time="0.011" classname="squad.compose.lenta"/>
</testsuite> <!-- squad.compose.lenta -->
