<?xml version="1.0" encoding="UTF-8"?>
<testsuite xmlns:xsi="http://www.w3.org/2001/XMLSchema-instance" xsi:schemaLocation="https://maven.apache.org/surefire/maven-surefire-plugin/xsd/surefire-test-report.xsd" name="NewTest" time="0.058" tests="1" errors="0" skipped="0" failures="0">
  <properties>
    <property name="XDG_SESSION_CLASS" value="user"/>
    <property name="DISPLAY" value=":0"/>
    <property name="file.encoding.pkg" value="sun.io"/>
    <property name="java.home" value="/usr/lib64/jvm/java-1.8.0-openjdk-1.8.0/jre"/>
    <property name="LOGNAME" value="dante"/>
    <property name="QT_AUTO_SCREEN_SCALE_FACTOR" value="0"/>
    <property name="XFILESEARCHPATH" value="/usr/dt/app-defaults/%L/Dt"/>
    <property name="NODE_NAME" value="master"/>
    <property name="PWD" value="/home/dante/QA/squadsoft/squadsoft"/>
    <property name="sun.font.fontmanager" value="sun.awt.X11FontManager"/>
    <property name="FROM_HEADER" value=""/>
    <property name="java.endorsed.dirs" value="/usr/lib64/jvm/java-1.8.0-openjdk-1.8.0/jre/lib/endorsed"/>
    <property name="KONSOLE_DBUS_SERVICE" value=":1.48"/>
    <property name="XDG_SEAT_PATH" value="/org/freedesktop/DisplayManager/Seat0"/>
    <property name="HISTSIZE" value="1000"/>
    <property name="sun.os.patch.level" value="unknown"/>
    <property name="java.vendor.url" value="http://java.oracle.com/"/>
    <property name="GPG_AGENT_INFO" value="/tmp/gpg-SypeoT/S.gpg-agent:2550:1"/>
    <property name="java.version" value="1.8.0_151"/>
    <property name="JOB_NAME" value="squadsoft"/>
    <property name="G_BROKEN_FILENAMES" value="1"/>
    <property name="java.vendor.url.bug" value="http://bugreport.sun.com/bugreport/"/>
    <property name="XDG_DATA_DIRS" value="/usr/local/share:/usr/share"/>
    <property name="KONSOLE_DBUS_SESSION" value="/Sessions/2"/>
    <property name="ALSA_CONFIG_PATH" value="/etc/alsa-pulse.conf"/>
    <property name="OSTYPE" value="linux"/>
    <property name="CONFIG_SITE" value="/usr/share/site/x86_64-unknown-linux-gnu"/>
    <property name="user.name" value="root"/>
    <property name="XAUTHLOCALHOSTNAME" value="linux-15nq"/>
    <property name="XNLSPATH" value="/usr/share/X11/nls"/>
    <property name="sun.io.unicode.encoding" value="UnicodeLittle"/>
    <property name="XDG_RUNTIME_DIR" value="/run/user/1000"/>
    <property name="sun.jnu.encoding" value="UTF-8"/>
    <property name="java.runtime.name" value="OpenJDK Runtime Environment"/>
    <property name="CPU" value="x86_64"/>
    <property name="JAVA_BINDIR" value="/usr/lib64/jvm/java/bin"/>
    <property name="CVS_RSH" value="ssh"/>
    <property name="XDG_SESSION_DESKTOP" value="KDE"/>
    <property name="java.specification.name" value="Java Platform API Specification"/>
    <property name="RUN_CHANGES_DISPLAY_URL" value="http://unconfigured-jenkins-location/job/squadsoft/2/display/redirect?page=changes"/>
    <property name="JDK_HOME" value="/usr/lib64/jvm/java"/>
    <property name="user.timezone" value="Europe/Moscow"/>
    <property name="path.separator" value=":"/>
    <property name="WINDOWID" value="62914565"/>
    <property name="MINICOM" value="-c on"/>
    <property name="BUILD_TAG" value="jenkins-squadsoft-2"/>
    <property name="TERM" value="xterm-256color"/>
    <property name="GTK_MODULES" value="canberra-gtk-module"/>
    <property name="file.encoding" value="UTF-8"/>
    <property name="PATH" value="/usr/lib64/jvm/java//bin:/home/dante/bin:/usr/local/bin:/usr/bin:/sbin:/usr/sbin:/bin:/usr/bin/X11:/usr/games"/>
    <property name="DESKTOP_SESSION" value="/usr/share/xsessions/plasma5"/>
    <property name="sun.java.command" value="jenkins.maven3.agent.Maven35Main /usr/local/apache-maven-3.5.2/ /root/.jenkins/war/WEB-INF/lib/remoting-3.14.jar /root/.jenkins/plugins/maven-plugin/WEB-INF/lib/maven35-interceptor-1.12-alpha-1.jar /root/.jenkins/plugins/maven-plugin/WEB-INF/lib/maven3-interceptor-commons-1.12-alpha-1.jar 33657"/>
    <property name="XDG_CONFIG_DIRS" value="/etc/xdg"/>
    <property name="JENKINS_SERVER_COOKIE" value="56d3307d84d1aebc"/>
    <property name="QEMU_AUDIO_DRV" value="pa"/>
    <property name="EXECUTOR_NUMBER" value="1"/>
    <property name="XDG_SESSION_TYPE" value="x11"/>
    <property name="MANPATH" value="/usr/local/man:/usr/share/man"/>
    <property name="XDG_SESSION_PATH" value="/org/freedesktop/DisplayManager/Session0"/>
    <property name="java.io.tmpdir" value="/tmp"/>
    <property name="KDE_SESSION_VERSION" value="5"/>
    <property name="user.language" value="ru"/>
    <property name="line.separator" value="&#10;"/>
    <property name="WINDOWMANAGER" value="/usr/bin/startkde"/>
    <property name="COLORTERM" value="truecolor"/>
    <property name="SSH_AGENT_PID" value="2549"/>
    <property name="SHLVL" value="3"/>
    <property name="KONSOLE_DBUS_WINDOW" value="/Windows/1"/>
    <property name="LS_OPTIONS" value="-A -N --color=tty -T 0"/>
    <property name="XSESSION_IS_UP" value="yes"/>
    <property name="M2_HOME" value="/usr/local/apache-maven-3.5.2/"/>
    <property name="USER" value="dante"/>
    <property name="BASH_FUNC_mc%%" value="() {  . /usr/share/mc/mc-wrapper.sh&#10;}"/>
    <property name="java.vm.info" value="mixed mode"/>
    <property name="java.vm.specification.name" value="Java Virtual Machine Specification"/>
    <property name="BUILD_DISPLAY_NAME" value="#2"/>
    <property name="LESS" value="-M -I -R"/>
    <property name="SDL_AUDIODRIVER" value="pulse"/>
    <property name="guice.disable.misplaced.annotation.check" value="true"/>
    <property name="HUDSON_SERVER_COOKIE" value="56d3307d84d1aebc"/>
    <property name="JRE_HOME" value="/usr/lib64/jvm/java/jre"/>
    <property name="MAVEN_HOME" value="/usr/local/apache-maven-3.5.2/"/>
    <property name="AUDIODRIVER" value="pulseaudio"/>
    <property name="QMLSCENE_DEVICE" value=""/>
    <property name="KDE_SESSION_UID" value="1000"/>
    <property name="HOST" value="linux-15nq"/>
    <property name="java.awt.printerjob" value="sun.print.PSPrinterJob"/>
    <property name="SESSION_MANAGER" value="local/linux-15nq:@/tmp/.ICE-unix/2618,unix/linux-15nq:/tmp/.ICE-unix/2618"/>
    <property name="maven3.interceptor.common" value="/root/.jenkins/plugins/maven-plugin/WEB-INF/lib/maven3-interceptor-commons-1.12-alpha-1.jar"/>
    <property name="CLASSPATH" value=""/>
    <property name="MAIL" value="/var/spool/mail/dante"/>
    <property name="XAUTHORITY" value="/root/.xauthyzKCMi"/>
    <property name="KDE_FULL_SESSION" value="true"/>
    <property name="LESSCLOSE" value="lessclose.sh %s %s"/>
    <property name="QT_SYSTEM_DIR" value="/usr/share/desktop-data"/>
    <property name="XDG_CURRENT_DESKTOP" value="KDE"/>
    <property name="os.name" value="Linux"/>
    <property name="java.specification.vendor" value="Oracle Corporation"/>
    <property name="java.vm.name" value="OpenJDK 64-Bit Server VM"/>
    <property name="BUILD_NUMBER" value="2"/>
    <property name="QT_IM_SWITCHER" value="imsw-multi"/>
    <property name="PROFILEHOME" value=""/>
    <property name="maven3.interceptor" value="/root/.jenkins/plugins/maven-plugin/WEB-INF/lib/maven35-interceptor-1.12-alpha-1.jar"/>
    <property name="java.library.path" value="/usr/java/packages/lib/amd64:/usr/lib64:/lib64:/lib:/usr/lib"/>
    <property name="QT_IM_MODULE" value="xim"/>
    <property name="POM_GROUPID" value="com.squadsoft.selenium"/>
    <property name="POM_ARTIFACTID" value="squad"/>
    <property name="java.class.version" value="52.0"/>
    <property name="DBUS_SESSION_BUS_ADDRESS" value="unix:abstract=/tmp/dbus-0AzOtFpNTk,guid=f1b200709c52b916202de67b5a40f86f"/>
    <property name="PAGER" value="less"/>
    <property name="COLORFGBG" value="15;0"/>
    <property name="RUN_DISPLAY_URL" value="http://unconfigured-jenkins-location/job/squadsoft/2/display/redirect"/>
    <property name="XKEYSYMDB" value="/usr/X11R6/lib/X11/XKeysymDB"/>
    <property name="JENKINS_HOME" value="/root/.jenkins"/>
    <property name="BUILD_ID" value="2"/>
    <property name="sun.boot.library.path" value="/usr/lib64/jvm/java-1.8.0-openjdk-1.8.0/jre/lib/amd64"/>
    <property name="sun.management.compiler" value="HotSpot 64-Bit Tiered Compilers"/>
    <property name="MORE" value="-sl"/>
    <property name="java.awt.graphicsenv" value="sun.awt.X11GraphicsEnvironment"/>
    <property name="LESSKEY" value="/etc/lesskey.bin"/>
    <property name="POM_VERSION" value="0.0.1-SNAPSHOT"/>
    <property name="KONSOLE_PROFILE_NAME" value="Стандартный"/>
    <property name="GTK_IM_MODULE" value="cedilla"/>
    <property name="HUDSON_HOME" value="/root/.jenkins"/>
    <property name="PATH+MAVEN" value="/usr/local/apache-maven-3.5.2//bin"/>
    <property name="JAVA_ROOT" value="/usr/lib64/jvm/java"/>
    <property name="NLSPATH" value="/usr/dt/lib/nls/msg/%L/%N.cat"/>
    <property name="java.vm.specification.version" value="1.8"/>
    <property name="JAVA_HOME" value="/usr/lib64/jvm/java/"/>
    <property name="SHELL" value="/bin/bash"/>
    <property name="awt.toolkit" value="sun.awt.X11.XToolkit"/>
    <property name="NODE_LABELS" value="master"/>
    <property name="INPUTRC" value="/home/dante/.inputrc"/>
    <property name="sun.cpu.isalist" value=""/>
    <property name="JOB_DISPLAY_URL" value="http://unconfigured-jenkins-location/job/squadsoft/display/redirect"/>
    <property name="securerandom.source" value="file:/dev/./urandom"/>
    <property name="java.ext.dirs" value="/usr/lib64/jvm/java-1.8.0-openjdk-1.8.0/jre/lib/ext:/usr/java/packages/lib/ext"/>
    <property name="os.version" value="4.4.103-36-vanilla"/>
    <property name="LESS_ADVANCED_PREPROCESSOR" value="no"/>
    <property name="user.home" value="/root"/>
    <property name="_" value="/usr/bin/java"/>
    <property name="java.vm.vendor" value="Oracle Corporation"/>
    <property name="NNTPSERVER" value="news"/>
    <property name="GS_LIB" value="/home/dante/.fonts"/>
    <property name="QSG_RENDER_LOOP" value=""/>
    <property name="user.dir" value="/home/dante/QA/squadsoft/squadsoft"/>
    <property name="maven.conf" value="/usr/local/apache-maven-3.5.2/conf"/>
    <property name="PROFILEREAD" value="true"/>
    <property name="SSH_ASKPASS" value="/usr/lib/ssh/ksshaskpass"/>
    <property name="GPG_TTY" value="/dev/pts/2"/>
    <property name="HOSTTYPE" value="x86_64"/>
    <property name="XDG_VTNR" value="7"/>
    <property name="sun.cpu.endian" value="little"/>
    <property name="CSHEDIT" value="emacs"/>
    <property name="SHELL_SESSION_ID" value="978c23f5135849f2b3670252d10b7c05"/>
    <property name="java.vm.version" value="25.151-b12"/>
    <property name="java.class.path" value="/root/.jenkins/plugins/maven-plugin/WEB-INF/lib/maven35-agent-1.12-alpha-1.jar:/usr/local/apache-maven-3.5.2/boot/plexus-classworlds-2.5.2.jar:/usr/local/apache-maven-3.5.2/conf/logging"/>
    <property name="XDG_SEAT" value="seat0"/>
    <property name="org.slf4j.simpleLogger.defaultLogLevel" value="info"/>
    <property name="os.arch" value="amd64"/>
    <property name="G_FILENAME_ENCODING" value="@locale,UTF-8,KOI8-R,CP1251"/>
    <property name="WORKSPACE" value="/root/.jenkins/workspace/squadsoft"/>
    <property name="sun.java.launcher" value="SUN_STANDARD"/>
    <property name="LANG" value="ru_RU.UTF-8"/>
    <property name="java.vm.specification.vendor" value="Oracle Corporation"/>
    <property name="LESSOPEN" value="lessopen.sh %s"/>
    <property name="GTK2_RC_FILES" value="/etc/gtk-2.0/gtkrc:/home/dante/.gtkrc-2.0"/>
    <property name="MACHTYPE" value="x86_64-suse-linux"/>
    <property name="file.separator" value="/"/>
    <property name="LANGUAGE" value=""/>
    <property name="PYTHONSTARTUP" value="/etc/pythonstart"/>
    <property name="java.runtime.version" value="1.8.0_151-b12"/>
    <property name="sun.boot.class.path" value="/usr/lib64/jvm/java-1.8.0-openjdk-1.8.0/jre/lib/resources.jar:/usr/lib64/jvm/java-1.8.0-openjdk-1.8.0/jre/lib/rt.jar:/usr/lib64/jvm/java-1.8.0-openjdk-1.8.0/jre/lib/sunrsasign.jar:/usr/lib64/jvm/java-1.8.0-openjdk-1.8.0/jre/lib/jsse.jar:/usr/lib64/jvm/java-1.8.0-openjdk-1.8.0/jre/lib/jce.jar:/usr/lib64/jvm/java-1.8.0-openjdk-1.8.0/jre/lib/charsets.jar:/usr/lib64/jvm/java-1.8.0-openjdk-1.8.0/jre/lib/jfr.jar:/usr/lib64/jvm/java-1.8.0-openjdk-1.8.0/jre/classes"/>
    <property name="XDG_SESSION_ID" value="1"/>
    <property name="XCURSOR_THEME" value="breeze_cursors"/>
    <property name="PATH+JDK" value="/usr/lib64/jvm/java//bin"/>
    <property name="user.country" value="RU"/>
    <property name="POM_PACKAGING" value="jar"/>
    <property name="maven.home" value="/usr/local/apache-maven-3.5.2"/>
    <property name="SDK_HOME" value="/usr/lib64/jvm/java"/>
    <property name="JOB_BASE_NAME" value="squadsoft"/>
    <property name="HOSTNAME" value="linux-15nq"/>
    <property name="XMODIFIERS" value="@im=local"/>
    <property name="HOME" value="/root"/>
    <property name="java.vendor" value="Oracle Corporation"/>
    <property name="SSH_AUTH_SOCK" value="/tmp/ssh-rEo1TDSXuX93/agent.2496"/>
    <property name="LS_COLORS" value="no=00:fi=00:di=01;34:ln=00;36:pi=40;33:so=01;35:do=01;35:bd=40;33;01:cd=40;33;01:or=41;33;01:ex=00;32:*.cmd=00;32:*.exe=01;32:*.com=01;32:*.bat=01;32:*.btm=01;32:*.dll=01;32:*.tar=00;31:*.tbz=00;31:*.tgz=00;31:*.rpm=00;31:*.deb=00;31:*.arj=00;31:*.taz=00;31:*.lzh=00;31:*.lzma=00;31:*.zip=00;31:*.zoo=00;31:*.z=00;31:*.Z=00;31:*.gz=00;31:*.bz2=00;31:*.tb2=00;31:*.tz2=00;31:*.tbz2=00;31:*.xz=00;31:*.avi=01;35:*.bmp=01;35:*.fli=01;35:*.gif=01;35:*.jpg=01;35:*.jpeg=01;35:*.mng=01;35:*.mov=01;35:*.mpg=01;35:*.pcx=01;35:*.pbm=01;35:*.pgm=01;35:*.png=01;35:*.ppm=01;35:*.tga=01;35:*.tif=01;35:*.xbm=01;35:*.xpm=01;35:*.dl=01;35:*.gl=01;35:*.wmv=01;35:*.aiff=00;32:*.au=00;32:*.mid=00;32:*.mp3=00;32:*.ogg=00;32:*.voc=00;32:*.wav=00;32:"/>
    <property name="POM_DISPLAYNAME" value="squad"/>
    <property name="java.specification.version" value="1.8"/>
    <property name="sun.arch.data.model" value="64"/>
  </properties>
  <testcase name="f" classname="NewTest" time="0.018"/>
</testsuite>